Added Net: Name=ADC 0
Added Net: Name=ADC 1
Added Net: Name=ADC 2
Added Net: Name=ADC 3
Added Net: Name=ADC 4
Added Net: Name=ADC 5
Added Net: Name=ADC 6
Added Net: Name=ADC 7
Added Net: Name=AREF
Added Net: Name=GND
Added Net: Name=Net*_33
Added Net: Name=Net*_34
Added Net: Name=PA 0
Added Net: Name=PA 1
Added Net: Name=PA 2
Added Net: Name=PA 3
Added Net: Name=PA 4
Added Net: Name=PA 5
Added Net: Name=PA 6
Added Net: Name=PA 7
Added Net: Name=PB 4
Added Net: Name=PB 5
Added Net: Name=PB 6
Added Net: Name=PB 7
Added Net: Name=PC 0
Added Net: Name=PC 1
Added Net: Name=PC 2
Added Net: Name=PC 3
Added Net: Name=PC 4
Added Net: Name=PC 5
Added Net: Name=PC 6
Added Net: Name=PC 7
Added Net: Name=PD 4
Added Net: Name=PD 5
Added Net: Name=PD 6
Added Net: Name=PD 7
Added Net: Name=PE 0
Added Net: Name=PE 1
Added Net: Name=PE 2
Added Net: Name=PE 3
Added Net: Name=PE 4
Added Net: Name=PE 5
Added Net: Name=PE 6
Added Net: Name=PE 7
Added Net: Name=PF 4
Added Net: Name=PF 5
Added Net: Name=PF 6
Added Net: Name=PF 7
Added Net: Name=PG 2
Added Net: Name=PG 3
Added Net: Name=PG 4
Added Net: Name=PG 5
Added Net: Name=PH 0
Added Net: Name=PH 1
Added Net: Name=PH 2
Added Net: Name=PH 3
Added Net: Name=PH 4
Added Net: Name=PH 5
Added Net: Name=PH 6
Added Net: Name=PH 7
Added Net: Name=PJ 0
Added Net: Name=PJ 1
Added Net: Name=PJ 2
Added Net: Name=PJ 3
Added Net: Name=PJ 4
Added Net: Name=PJ 5
Added Net: Name=PJ 6
Added Net: Name=PJ 7
Added Net: Name=PK 4
Added Net: Name=PK 5
Added Net: Name=PK 6
Added Net: Name=PK 7
Added Net: Name=PL 0
Added Net: Name=PL 1
Added Net: Name=PL 2
Added Net: Name=PL 3
Added Net: Name=PL 4
Added Net: Name=PL 5
Added Net: Name=PL 6
Added Net: Name=PL 7
Added Net: Name=R\D\
Added Net: Name=R\E\S\E\T\
Added Net: Name=RX
Added Net: Name=SCL
Added Net: Name=SDA
Added Net: Name=SPI 1
Added Net: Name=SPI 2
Added Net: Name=SPI 3
Added Net: Name=SPI 4
Added Net: Name=TX
Added Net: Name=VCC
Added Net: Name=W\R\
Added Class: Name=Atmega 2560
